# JRE version: OpenJDK Runtime Environment (8.0_242-b01) (build 1.8.0_242-release-1644-b01)
# Java VM: OpenJDK 64-Bit Server VM (25.242-b01 mixed mode windows-amd64 compressed oops)
Heap:
 PSYoungGen      total 532480K, used 306385K [0x00000000d5580000, 0x00000000fa980000, 0x0000000100000000)
  eden space 455680K, 50% used [0x00000000d5580000,0x00000000e35bb468,0x00000000f1280000)
  from space 76800K, 99% used [0x00000000f1280000,0x00000000f5d79108,0x00000000f5d80000)
  to   space 77824K, 0% used [0x00000000f5d80000,0x00000000f5d80000,0x00000000fa980000)
 ParOldGen       total 206336K, used 107427K [0x0000000080000000, 0x000000008c980000, 0x00000000d5580000)
  object space 206336K, 52% used [0x0000000080000000,0x00000000868e8d30,0x000000008c980000)
 Metaspace       used 147364K, capacity 155708K, committed 155928K, reserved 1183744K
  class space    used 19628K, capacity 21181K, committed 21296K, reserved 1048576K
GC Heap History (10 events):
Event: 2220.979 GC heap before
{Heap before GC invocations=21 (full 4):
 PSYoungGen      total 407040K, used 399601K [0x00000000d5580000, 0x00000000f2880000, 0x0000000100000000)
  eden space 360448K, 100% used [0x00000000d5580000,0x00000000eb580000,0x00000000eb580000)
  from space 46592K, 84% used [0x00000000ee780000,0x00000000f0dbc520,0x00000000f1500000)
  to   space 51200K, 0% used [0x00000000eb580000,0x00000000eb580000,0x00000000ee780000)
 ParOldGen       total 206336K, used 49624K [0x0000000080000000, 0x000000008c980000, 0x00000000d5580000)
  object space 206336K, 24% used [0x0000000080000000,0x0000000083076238,0x000000008c980000)
 Metaspace       used 107168K, capacity 112302K, committed 114840K, reserved 1148928K
  class space    used 14262K, capacity 15292K, committed 15792K, reserved 1048576K
Event: 2221.015 GC heap after
Heap after GC invocations=21 (full 4):
 PSYoungGen      total 411648K, used 51168K [0x00000000d5580000, 0x00000000f6580000, 0x0000000100000000)
  eden space 360448K, 0% used [0x00000000d5580000,0x00000000d5580000,0x00000000eb580000)
  from space 51200K, 99% used [0x00000000eb580000,0x00000000ee778390,0x00000000ee780000)
  to   space 60928K, 0% used [0x00000000f2a00000,0x00000000f2a00000,0x00000000f6580000)
 ParOldGen       total 206336K, used 54614K [0x0000000080000000, 0x000000008c980000, 0x00000000d5580000)
  object space 206336K, 26% used [0x0000000080000000,0x0000000083555960,0x000000008c980000)
 Metaspace       used 107168K, capacity 112302K, committed 114840K, reserved 1148928K
  class space    used 14262K, capacity 15292K, committed 15792K, reserved 1048576K
}
Event: 2516.852 GC heap before
{Heap before GC invocations=22 (full 4):
 PSYoungGen      total 411648K, used 411616K [0x00000000d5580000, 0x00000000f6580000, 0x0000000100000000)
  eden space 360448K, 100% used [0x00000000d5580000,0x00000000eb580000,0x00000000eb580000)
  from space 51200K, 99% used [0x00000000eb580000,0x00000000ee778390,0x00000000ee780000)
  to   space 60928K, 0% used [0x00000000f2a00000,0x00000000f2a00000,0x00000000f6580000)
 ParOldGen       total 206336K, used 54614K [0x0000000080000000, 0x000000008c980000, 0x00000000d5580000)
  object space 206336K, 26% used [0x0000000080000000,0x0000000083555960,0x000000008c980000)
 Metaspace       used 110712K, capacity 116024K, committed 118168K, reserved 1150976K
  class space    used 14524K, capacity 15587K, committed 16048K, reserved 1048576K
Event: 2516.913 GC heap after
Heap after GC invocations=22 (full 4):
 PSYoungGen      total 464384K, used 39750K [0x00000000d5580000, 0x00000000f6000000, 0x0000000100000000)
  eden space 409088K, 0% used [0x00000000d5580000,0x00000000d5580000,0x00000000ee500000)
  from space 55296K, 71% used [0x00000000f2a00000,0x00000000f50d1b80,0x00000000f6000000)
  to   space 62976K, 0% used [0x00000000ee500000,0x00000000ee500000,0x00000000f2280000)
 ParOldGen       total 206336K, used 54622K [0x0000000080000000, 0x000000008c980000, 0x00000000d5580000)
  object space 206336K, 26% used [0x0000000080000000,0x0000000083557960,0x000000008c980000)
 Metaspace       used 110712K, capacity 116024K, committed 118168K, reserved 1150976K
  class space    used 14524K, capacity 15587K, committed 16048K, reserved 1048576K
}
Event: 5611.235 GC heap before
{Heap before GC invocations=23 (full 4):
 PSYoungGen      total 464384K, used 448838K [0x00000000d5580000, 0x00000000f6000000, 0x0000000100000000)
  eden space 409088K, 100% used [0x00000000d5580000,0x00000000ee500000,0x00000000ee500000)
  from space 55296K, 71% used [0x00000000f2a00000,0x00000000f50d1b80,0x00000000f6000000)
  to   space 62976K, 0% used [0x00000000ee500000,0x00000000ee500000,0x00000000f2280000)
 ParOldGen       total 206336K, used 54622K [0x0000000080000000, 0x000000008c980000, 0x00000000d5580000)
  object space 206336K, 26% used [0x0000000080000000,0x0000000083557960,0x000000008c980000)
 Metaspace       used 130819K, capacity 137012K, committed 137624K, reserved 1169408K
  class space    used 17229K, capacity 18451K, committed 18608K, reserved 1048576K
Event: 5611.544 GC heap after
Heap after GC invocations=23 (full 4):
 PSYoungGen      total 472064K, used 62963K [0x00000000d5580000, 0x00000000fa980000, 0x0000000100000000)
  eden space 409088K, 0% used [0x00000000d5580000,0x00000000d5580000,0x00000000ee500000)
  from space 62976K, 99% used [0x00000000ee500000,0x00000000f227cee0,0x00000000f2280000)
  to   space 77824K, 0% used [0x00000000f5d80000,0x00000000f5d80000,0x00000000fa980000)
 ParOldGen       total 206336K, used 68807K [0x0000000080000000, 0x000000008c980000, 0x00000000d5580000)
  object space 206336K, 33% used [0x0000000080000000,0x0000000084331ca0,0x000000008c980000)
 Metaspace       used 130819K, capacity 137012K, committed 137624K, reserved 1169408K
  class space    used 17229K, capacity 18451K, committed 18608K, reserved 1048576K
}
Event: 5617.543 GC heap before
{Heap before GC invocations=24 (full 4):
 PSYoungGen      total 472064K, used 472051K [0x00000000d5580000, 0x00000000fa980000, 0x0000000100000000)
  eden space 409088K, 100% used [0x00000000d5580000,0x00000000ee500000,0x00000000ee500000)
  from space 62976K, 99% used [0x00000000ee500000,0x00000000f227cee0,0x00000000f2280000)
  to   space 77824K, 0% used [0x00000000f5d80000,0x00000000f5d80000,0x00000000fa980000)
 ParOldGen       total 206336K, used 68807K [0x0000000080000000, 0x000000008c980000, 0x00000000d5580000)
  object space 206336K, 33% used [0x0000000080000000,0x0000000084331ca0,0x000000008c980000)
 Metaspace       used 137391K, capacity 143824K, committed 144024K, reserved 1173504K
  class space    used 18095K, capacity 19359K, committed 19376K, reserved 1048576K
Event: 5617.634 GC heap after
Heap after GC invocations=24 (full 4):
 PSYoungGen      total 533504K, used 40560K [0x00000000d5580000, 0x00000000fa980000, 0x0000000100000000)
  eden space 455680K, 0% used [0x00000000d5580000,0x00000000d5580000,0x00000000f1280000)
  from space 77824K, 52% used [0x00000000f5d80000,0x00000000f851c3d8,0x00000000fa980000)
  to   space 76800K, 0% used [0x00000000f1280000,0x00000000f1280000,0x00000000f5d80000)
 ParOldGen       total 206336K, used 94160K [0x0000000080000000, 0x000000008c980000, 0x00000000d5580000)
  object space 206336K, 45% used [0x0000000080000000,0x0000000085bf4390,0x000000008c980000)
 Metaspace       used 137391K, capacity 143824K, committed 144024K, reserved 1173504K
  class space    used 18095K, capacity 19359K, committed 19376K, reserved 1048576K
}
Event: 5620.152 GC heap before
{Heap before GC invocations=25 (full 4):
 PSYoungGen      total 533504K, used 496240K [0x00000000d5580000, 0x00000000fa980000, 0x0000000100000000)
  eden space 455680K, 100% used [0x00000000d5580000,0x00000000f1280000,0x00000000f1280000)
  from space 77824K, 52% used [0x00000000f5d80000,0x00000000f851c3d8,0x00000000fa980000)
  to   space 76800K, 0% used [0x00000000f1280000,0x00000000f1280000,0x00000000f5d80000)
 ParOldGen       total 206336K, used 94211K [0x0000000080000000, 0x000000008c980000, 0x00000000d5580000)
  object space 206336K, 45% used [0x0000000080000000,0x0000000085c00c48,0x000000008c980000)
 Metaspace       used 146532K, capacity 154556K, committed 154648K, reserved 1183744K
  class space    used 19501K, capacity 20993K, committed 21040K, reserved 1048576K
Event: 5620.256 GC heap after
Heap after GC invocations=25 (full 4):
 PSYoungGen      total 532480K, used 76772K [0x00000000d5580000, 0x00000000fa980000, 0x0000000100000000)
  eden space 455680K, 0% used [0x00000000d5580000,0x00000000d5580000,0x00000000f1280000)
  from space 76800K, 99% used [0x00000000f1280000,0x00000000f5d79108,0x00000000f5d80000)
  to   space 77824K, 0% used [0x00000000f5d80000,0x00000000f5d80000,0x00000000fa980000)
 ParOldGen       total 206336K, used 107427K [0x0000000080000000, 0x000000008c980000, 0x00000000d5580000)
  object space 206336K, 52% used [0x0000000080000000,0x00000000868e8d30,0x000000008c980000)
 Metaspace       used 146532K, capacity 154556K, committed 154648K, reserved 1183744K
  class space    used 19501K, capacity 20993K, committed 21040K, reserved 1048576K
}

